<?xml version="1.0" encoding="UTF-8"?>
<!-- Generated by org.testng.reporters.JUnitReportReporter -->
<testsuite hostname="DESKTOP-HDKIH51" failures="0" tests="1" name="testScripts.TestScriptSample" time="3.452" errors="0" timestamp="2023-04-30T00:34:19 IST" skipped="0">
  <testcase classname="testScripts.TestScriptSample" name="testScript" time="3.452"/>
  <system-out/>
</testsuite> <!-- testScripts.TestScriptSample -->
