<?xml version="1.0" encoding="UTF-8"?>
<!-- Generated by org.testng.reporters.JUnitReportReporter -->
<testsuite hostname="DESKTOP-HDKIH51" failures="0" tests="1" name="testScripts.AsampleScript" time="3.633" errors="0" timestamp="2023-04-13T12:04:47 IST" skipped="0">
  <testcase classname="testScripts.AsampleScript" name="script" time="3.633"/>
  <system-out/>
</testsuite> <!-- testScripts.AsampleScript -->
